<?xml version="1.0" encoding="UTF-8"?>
<testng-results ignored="0" total="4" passed="4" failed="0" skipped="0">
  <reporter-output>
  </reporter-output>
  <suite started-at="2022-12-19T22:39:09 CET" name="Default suite" finished-at="2022-12-19T22:40:27 CET" duration-ms="77969">
    <groups>
      <group name="cucumber">
        <method signature="AbstractTestNGCucumberTests.runScenario(io.cucumber.testng.PickleWrapper,io.cucumber.testng.FeatureWrapper)[pri:0, instance:defaultPackage.customerLogin@543295b0]" name="runScenario" class="io.cucumber.testng.AbstractTestNGCucumberTests"/>
      </group> <!-- cucumber -->
    </groups>
    <test started-at="2022-12-19T22:39:09 CET" name="Default test" finished-at="2022-12-19T22:40:27 CET" duration-ms="77969">
      <class name="defaultPackage.customerLogin">
        <test-method is-config="true" signature="setUpClass(org.testng.ITestContext)[pri:0, instance:defaultPackage.customerLogin@543295b0]" started-at="2022-12-19T22:39:09 CET" name="setUpClass" finished-at="2022-12-19T22:39:10 CET" duration-ms="227" status="PASS">
          <params>
            <param index="0">
              <value>
                <![CDATA[org.testng.TestRunner@5dbb50f3]]>
              </value>
            </param>
          </params>
          <reporter-output>
          </reporter-output>
        </test-method> <!-- setUpClass -->
        <test-method signature="runScenario(io.cucumber.testng.PickleWrapper,io.cucumber.testng.FeatureWrapper)[pri:0, instance:defaultPackage.customerLogin@543295b0]" started-at="2022-12-19T22:39:10 CET" name="runScenario" description="Runs Cucumber Scenarios" data-provider="scenarios" finished-at="2022-12-19T22:39:36 CET" duration-ms="26263" status="PASS">
          <params>
            <param index="0">
              <value>
                <![CDATA["Failed Login"]]>
              </value>
            </param>
            <param index="1">
              <value>
                <![CDATA["Login"]]>
              </value>
            </param>
          </params>
          <reporter-output>
          </reporter-output>
        </test-method> <!-- runScenario -->
        <test-method signature="runScenario(io.cucumber.testng.PickleWrapper,io.cucumber.testng.FeatureWrapper)[pri:0, instance:defaultPackage.customerLogin@543295b0]" started-at="2022-12-19T22:39:36 CET" name="runScenario" description="Runs Cucumber Scenarios" data-provider="scenarios" finished-at="2022-12-19T22:39:43 CET" duration-ms="7229" status="PASS">
          <params>
            <param index="0">
              <value>
                <![CDATA["Failed Login"]]>
              </value>
            </param>
            <param index="1">
              <value>
                <![CDATA["Login"]]>
              </value>
            </param>
          </params>
          <reporter-output>
          </reporter-output>
        </test-method> <!-- runScenario -->
        <test-method signature="runScenario(io.cucumber.testng.PickleWrapper,io.cucumber.testng.FeatureWrapper)[pri:0, instance:defaultPackage.customerLogin@543295b0]" started-at="2022-12-19T22:39:43 CET" name="runScenario" description="Runs Cucumber Scenarios" data-provider="scenarios" finished-at="2022-12-19T22:40:06 CET" duration-ms="22440" status="PASS">
          <params>
            <param index="0">
              <value>
                <![CDATA["Failed Login"]]>
              </value>
            </param>
            <param index="1">
              <value>
                <![CDATA["Login"]]>
              </value>
            </param>
          </params>
          <reporter-output>
          </reporter-output>
        </test-method> <!-- runScenario -->
        <test-method signature="runScenario(io.cucumber.testng.PickleWrapper,io.cucumber.testng.FeatureWrapper)[pri:0, instance:defaultPackage.customerLogin@543295b0]" started-at="2022-12-19T22:40:06 CET" name="runScenario" description="Runs Cucumber Scenarios" data-provider="scenarios" finished-at="2022-12-19T22:40:27 CET" duration-ms="21751" status="PASS">
          <params>
            <param index="0">
              <value>
                <![CDATA["Failed Login"]]>
              </value>
            </param>
            <param index="1">
              <value>
                <![CDATA["Login"]]>
              </value>
            </param>
          </params>
          <reporter-output>
          </reporter-output>
        </test-method> <!-- runScenario -->
        <test-method is-config="true" signature="tearDownClass()[pri:0, instance:defaultPackage.customerLogin@543295b0]" started-at="2022-12-19T22:40:27 CET" name="tearDownClass" finished-at="2022-12-19T22:40:27 CET" duration-ms="13" status="PASS">
          <reporter-output>
          </reporter-output>
        </test-method> <!-- tearDownClass -->
      </class> <!-- defaultPackage.customerLogin -->
    </test> <!-- Default test -->
  </suite> <!-- Default suite -->
</testng-results>
