<?xml version="1.0" encoding="UTF-8"?>
<testng-results ignored="0" total="2" passed="2" failed="0" skipped="0">
  <reporter-output>
  </reporter-output>
  <suite started-at="2022-12-19T21:23:30 CET" name="Default suite" finished-at="2022-12-19T21:24:30 CET" duration-ms="59485">
    <groups>
      <group name="cucumber">
        <method signature="AbstractTestNGCucumberTests.runScenario(io.cucumber.testng.PickleWrapper,io.cucumber.testng.FeatureWrapper)[pri:0, instance:defaultPackage.modificarconfTest@563f38c4]" name="runScenario" class="io.cucumber.testng.AbstractTestNGCucumberTests"/>
      </group> <!-- cucumber -->
    </groups>
    <test started-at="2022-12-19T21:23:30 CET" name="Default test" finished-at="2022-12-19T21:24:30 CET" duration-ms="59485">
      <class name="defaultPackage.modificarconfTest">
        <test-method is-config="true" signature="setUpClass(org.testng.ITestContext)[pri:0, instance:defaultPackage.modificarconfTest@563f38c4]" started-at="2022-12-19T21:23:31 CET" name="setUpClass" finished-at="2022-12-19T21:23:31 CET" duration-ms="691" status="PASS">
          <params>
            <param index="0">
              <value>
                <![CDATA[org.testng.TestRunner@597f0937]]>
              </value>
            </param>
          </params>
          <reporter-output>
          </reporter-output>
        </test-method> <!-- setUpClass -->
        <test-method signature="runScenario(io.cucumber.testng.PickleWrapper,io.cucumber.testng.FeatureWrapper)[pri:0, instance:defaultPackage.modificarconfTest@563f38c4]" started-at="2022-12-19T21:23:31 CET" name="runScenario" description="Runs Cucumber Scenarios" data-provider="scenarios" finished-at="2022-12-19T21:23:50 CET" duration-ms="18934" status="PASS">
          <params>
            <param index="0">
              <value>
                <![CDATA["Steps Modificar configuracio"]]>
              </value>
            </param>
            <param index="1">
              <value>
                <![CDATA["Modificar configuracio web"]]>
              </value>
            </param>
          </params>
          <reporter-output>
          </reporter-output>
        </test-method> <!-- runScenario -->
        <test-method signature="runScenario(io.cucumber.testng.PickleWrapper,io.cucumber.testng.FeatureWrapper)[pri:0, instance:defaultPackage.modificarconfTest@563f38c4]" started-at="2022-12-19T21:23:50 CET" name="runScenario" description="Runs Cucumber Scenarios" data-provider="scenarios" finished-at="2022-12-19T21:24:30 CET" duration-ms="39704" status="PASS">
          <params>
            <param index="0">
              <value>
                <![CDATA["Steps programar vuelo"]]>
              </value>
            </param>
            <param index="1">
              <value>
                <![CDATA["Modificar configuracio web"]]>
              </value>
            </param>
          </params>
          <reporter-output>
          </reporter-output>
        </test-method> <!-- runScenario -->
        <test-method is-config="true" signature="tearDownClass()[pri:0, instance:defaultPackage.modificarconfTest@563f38c4]" started-at="2022-12-19T21:24:30 CET" name="tearDownClass" finished-at="2022-12-19T21:24:30 CET" duration-ms="19" status="PASS">
          <reporter-output>
          </reporter-output>
        </test-method> <!-- tearDownClass -->
      </class> <!-- defaultPackage.modificarconfTest -->
    </test> <!-- Default test -->
  </suite> <!-- Default suite -->
</testng-results>
