<?xml version="1.0" encoding="UTF-8"?>
<testng-results ignored="0" total="2" passed="2" failed="0" skipped="0">
  <reporter-output>
  </reporter-output>
  <suite started-at="2022-12-14T09:49:00 CET" name="Default suite" finished-at="2022-12-14T09:49:40 CET" duration-ms="39773">
    <groups>
      <group name="cucumber">
        <method signature="AbstractTestNGCucumberTests.runScenario(io.cucumber.testng.PickleWrapper,io.cucumber.testng.FeatureWrapper)[pri:0, instance:defaultPackage.reservaHotelTest@543295b0]" name="runScenario" class="io.cucumber.testng.AbstractTestNGCucumberTests"/>
      </group> <!-- cucumber -->
    </groups>
    <test started-at="2022-12-14T09:49:00 CET" name="Default test" finished-at="2022-12-14T09:49:40 CET" duration-ms="39773">
      <class name="defaultPackage.reservaHotelTest">
        <test-method is-config="true" signature="setUpClass(org.testng.ITestContext)[pri:0, instance:defaultPackage.reservaHotelTest@543295b0]" started-at="2022-12-14T09:49:00 CET" name="setUpClass" finished-at="2022-12-14T09:49:00 CET" duration-ms="189" status="PASS">
          <params>
            <param index="0">
              <value>
                <![CDATA[org.testng.TestRunner@79518e00]]>
              </value>
            </param>
          </params>
          <reporter-output>
          </reporter-output>
        </test-method> <!-- setUpClass -->
        <test-method signature="runScenario(io.cucumber.testng.PickleWrapper,io.cucumber.testng.FeatureWrapper)[pri:0, instance:defaultPackage.reservaHotelTest@543295b0]" started-at="2022-12-14T09:49:00 CET" name="runScenario" description="Runs Cucumber Scenarios" data-provider="scenarios" finished-at="2022-12-14T09:49:23 CET" duration-ms="22475" status="PASS">
          <params>
            <param index="0">
              <value>
                <![CDATA["Reserve a hotel"]]>
              </value>
            </param>
            <param index="1">
              <value>
                <![CDATA["reservaHotelSteps"]]>
              </value>
            </param>
          </params>
          <reporter-output>
          </reporter-output>
        </test-method> <!-- runScenario -->
        <test-method signature="runScenario(io.cucumber.testng.PickleWrapper,io.cucumber.testng.FeatureWrapper)[pri:0, instance:defaultPackage.reservaHotelTest@543295b0]" started-at="2022-12-14T09:49:23 CET" name="runScenario" description="Runs Cucumber Scenarios" data-provider="scenarios" finished-at="2022-12-14T09:49:40 CET" duration-ms="17063" status="PASS">
          <params>
            <param index="0">
              <value>
                <![CDATA["Reserve a hotel"]]>
              </value>
            </param>
            <param index="1">
              <value>
                <![CDATA["reservaHotelSteps"]]>
              </value>
            </param>
          </params>
          <reporter-output>
          </reporter-output>
        </test-method> <!-- runScenario -->
        <test-method is-config="true" signature="tearDownClass()[pri:0, instance:defaultPackage.reservaHotelTest@543295b0]" started-at="2022-12-14T09:49:40 CET" name="tearDownClass" finished-at="2022-12-14T09:49:40 CET" duration-ms="5" status="PASS">
          <reporter-output>
          </reporter-output>
        </test-method> <!-- tearDownClass -->
      </class> <!-- defaultPackage.reservaHotelTest -->
    </test> <!-- Default test -->
  </suite> <!-- Default suite -->
</testng-results>
