<?xml version="1.0" encoding="UTF-8"?>
<testng-results ignored="0" total="11" passed="11" failed="0" skipped="0">
  <reporter-output>
  </reporter-output>
  <suite started-at="2022-12-19T15:25:58 CET" name="Default suite" finished-at="2022-12-19T15:29:52 CET" duration-ms="233976">
    <groups>
      <group name="cucumber">
        <method signature="AbstractTestNGCucumberTests.runScenario(io.cucumber.testng.PickleWrapper,io.cucumber.testng.FeatureWrapper)[pri:0, instance:defaultPackage.Pagaments@543295b0]" name="runScenario" class="io.cucumber.testng.AbstractTestNGCucumberTests"/>
      </group> <!-- cucumber -->
    </groups>
    <test started-at="2022-12-19T15:25:58 CET" name="Default test" finished-at="2022-12-19T15:29:52 CET" duration-ms="233976">
      <class name="defaultPackage.Pagaments">
        <test-method is-config="true" signature="setUpClass(org.testng.ITestContext)[pri:0, instance:defaultPackage.Pagaments@543295b0]" started-at="2022-12-19T15:25:58 CET" name="setUpClass" finished-at="2022-12-19T15:25:58 CET" duration-ms="257" status="PASS">
          <params>
            <param index="0">
              <value>
                <![CDATA[org.testng.TestRunner@184de357]]>
              </value>
            </param>
          </params>
          <reporter-output>
          </reporter-output>
        </test-method> <!-- setUpClass -->
        <test-method signature="runScenario(io.cucumber.testng.PickleWrapper,io.cucumber.testng.FeatureWrapper)[pri:0, instance:defaultPackage.Pagaments@543295b0]" started-at="2022-12-19T15:25:58 CET" name="runScenario" description="Runs Cucumber Scenarios" data-provider="scenarios" finished-at="2022-12-19T15:26:28 CET" duration-ms="29448" status="PASS">
          <params>
            <param index="0">
              <value>
                <![CDATA["paymet of an hotel"]]>
              </value>
            </param>
            <param index="1">
              <value>
                <![CDATA["pagaments"]]>
              </value>
            </param>
          </params>
          <reporter-output>
          </reporter-output>
        </test-method> <!-- runScenario -->
        <test-method signature="runScenario(io.cucumber.testng.PickleWrapper,io.cucumber.testng.FeatureWrapper)[pri:0, instance:defaultPackage.Pagaments@543295b0]" started-at="2022-12-19T15:26:28 CET" name="runScenario" description="Runs Cucumber Scenarios" data-provider="scenarios" finished-at="2022-12-19T15:26:57 CET" duration-ms="29417" status="PASS">
          <params>
            <param index="0">
              <value>
                <![CDATA["paymet of an hotel"]]>
              </value>
            </param>
            <param index="1">
              <value>
                <![CDATA["pagaments"]]>
              </value>
            </param>
          </params>
          <reporter-output>
          </reporter-output>
        </test-method> <!-- runScenario -->
        <test-method signature="runScenario(io.cucumber.testng.PickleWrapper,io.cucumber.testng.FeatureWrapper)[pri:0, instance:defaultPackage.Pagaments@543295b0]" started-at="2022-12-19T15:26:57 CET" name="runScenario" description="Runs Cucumber Scenarios" data-provider="scenarios" finished-at="2022-12-19T15:27:26 CET" duration-ms="29251" status="PASS">
          <params>
            <param index="0">
              <value>
                <![CDATA["paymet of an hotel"]]>
              </value>
            </param>
            <param index="1">
              <value>
                <![CDATA["pagaments"]]>
              </value>
            </param>
          </params>
          <reporter-output>
          </reporter-output>
        </test-method> <!-- runScenario -->
        <test-method signature="runScenario(io.cucumber.testng.PickleWrapper,io.cucumber.testng.FeatureWrapper)[pri:0, instance:defaultPackage.Pagaments@543295b0]" started-at="2022-12-19T15:27:26 CET" name="runScenario" description="Runs Cucumber Scenarios" data-provider="scenarios" finished-at="2022-12-19T15:27:40 CET" duration-ms="13885" status="PASS">
          <params>
            <param index="0">
              <value>
                <![CDATA["paymet of an hotel"]]>
              </value>
            </param>
            <param index="1">
              <value>
                <![CDATA["pagaments"]]>
              </value>
            </param>
          </params>
          <reporter-output>
          </reporter-output>
        </test-method> <!-- runScenario -->
        <test-method signature="runScenario(io.cucumber.testng.PickleWrapper,io.cucumber.testng.FeatureWrapper)[pri:0, instance:defaultPackage.Pagaments@543295b0]" started-at="2022-12-19T15:27:40 CET" name="runScenario" description="Runs Cucumber Scenarios" data-provider="scenarios" finished-at="2022-12-19T15:28:09 CET" duration-ms="28906" status="PASS">
          <params>
            <param index="0">
              <value>
                <![CDATA["paymet of an hotel"]]>
              </value>
            </param>
            <param index="1">
              <value>
                <![CDATA["pagaments"]]>
              </value>
            </param>
          </params>
          <reporter-output>
          </reporter-output>
        </test-method> <!-- runScenario -->
        <test-method signature="runScenario(io.cucumber.testng.PickleWrapper,io.cucumber.testng.FeatureWrapper)[pri:0, instance:defaultPackage.Pagaments@543295b0]" started-at="2022-12-19T15:28:09 CET" name="runScenario" description="Runs Cucumber Scenarios" data-provider="scenarios" finished-at="2022-12-19T15:28:23 CET" duration-ms="14342" status="PASS">
          <params>
            <param index="0">
              <value>
                <![CDATA["paymet of an hotel"]]>
              </value>
            </param>
            <param index="1">
              <value>
                <![CDATA["pagaments"]]>
              </value>
            </param>
          </params>
          <reporter-output>
          </reporter-output>
        </test-method> <!-- runScenario -->
        <test-method signature="runScenario(io.cucumber.testng.PickleWrapper,io.cucumber.testng.FeatureWrapper)[pri:0, instance:defaultPackage.Pagaments@543295b0]" started-at="2022-12-19T15:28:23 CET" name="runScenario" description="Runs Cucumber Scenarios" data-provider="scenarios" finished-at="2022-12-19T15:28:57 CET" duration-ms="33367" status="PASS">
          <params>
            <param index="0">
              <value>
                <![CDATA["payment of a flight"]]>
              </value>
            </param>
            <param index="1">
              <value>
                <![CDATA["pagaments"]]>
              </value>
            </param>
          </params>
          <reporter-output>
          </reporter-output>
        </test-method> <!-- runScenario -->
        <test-method signature="runScenario(io.cucumber.testng.PickleWrapper,io.cucumber.testng.FeatureWrapper)[pri:0, instance:defaultPackage.Pagaments@543295b0]" started-at="2022-12-19T15:28:57 CET" name="runScenario" description="Runs Cucumber Scenarios" data-provider="scenarios" finished-at="2022-12-19T15:29:31 CET" duration-ms="33720" status="PASS">
          <params>
            <param index="0">
              <value>
                <![CDATA["payment tour"]]>
              </value>
            </param>
            <param index="1">
              <value>
                <![CDATA["pagaments"]]>
              </value>
            </param>
          </params>
          <reporter-output>
          </reporter-output>
        </test-method> <!-- runScenario -->
        <test-method signature="runScenario(io.cucumber.testng.PickleWrapper,io.cucumber.testng.FeatureWrapper)[pri:0, instance:defaultPackage.Pagaments@543295b0]" started-at="2022-12-19T15:29:31 CET" name="runScenario" description="Runs Cucumber Scenarios" data-provider="scenarios" finished-at="2022-12-19T15:29:36 CET" duration-ms="5639" status="PASS">
          <params>
            <param index="0">
              <value>
                <![CDATA["paymet without some values"]]>
              </value>
            </param>
            <param index="1">
              <value>
                <![CDATA["pagaments"]]>
              </value>
            </param>
          </params>
          <reporter-output>
          </reporter-output>
        </test-method> <!-- runScenario -->
        <test-method signature="runScenario(io.cucumber.testng.PickleWrapper,io.cucumber.testng.FeatureWrapper)[pri:0, instance:defaultPackage.Pagaments@543295b0]" started-at="2022-12-19T15:29:36 CET" name="runScenario" description="Runs Cucumber Scenarios" data-provider="scenarios" finished-at="2022-12-19T15:29:44 CET" duration-ms="7314" status="PASS">
          <params>
            <param index="0">
              <value>
                <![CDATA["paymet without some values"]]>
              </value>
            </param>
            <param index="1">
              <value>
                <![CDATA["pagaments"]]>
              </value>
            </param>
          </params>
          <reporter-output>
          </reporter-output>
        </test-method> <!-- runScenario -->
        <test-method signature="runScenario(io.cucumber.testng.PickleWrapper,io.cucumber.testng.FeatureWrapper)[pri:0, instance:defaultPackage.Pagaments@543295b0]" started-at="2022-12-19T15:29:44 CET" name="runScenario" description="Runs Cucumber Scenarios" data-provider="scenarios" finished-at="2022-12-19T15:29:52 CET" duration-ms="8347" status="PASS">
          <params>
            <param index="0">
              <value>
                <![CDATA["payment with bad email"]]>
              </value>
            </param>
            <param index="1">
              <value>
                <![CDATA["pagaments"]]>
              </value>
            </param>
          </params>
          <reporter-output>
          </reporter-output>
        </test-method> <!-- runScenario -->
        <test-method is-config="true" signature="tearDownClass()[pri:0, instance:defaultPackage.Pagaments@543295b0]" started-at="2022-12-19T15:29:52 CET" name="tearDownClass" finished-at="2022-12-19T15:29:52 CET" duration-ms="16" status="PASS">
          <reporter-output>
          </reporter-output>
        </test-method> <!-- tearDownClass -->
      </class> <!-- defaultPackage.Pagaments -->
    </test> <!-- Default test -->
  </suite> <!-- Default suite -->
</testng-results>
