<?xml version="1.0" encoding="UTF-8"?>
<testng-results ignored="0" total="1" passed="1" failed="0" skipped="0">
  <reporter-output>
  </reporter-output>
  <suite started-at="2022-12-19T23:41:53 CET" name="Default suite" finished-at="2022-12-19T23:42:27 CET" duration-ms="33763">
    <groups>
      <group name="cucumber">
        <method signature="AbstractTestNGCucumberTests.runScenario(io.cucumber.testng.PickleWrapper,io.cucumber.testng.FeatureWrapper)[pri:0, instance:defaultPackage.mouresAndLogoutTest@543295b0]" name="runScenario" class="io.cucumber.testng.AbstractTestNGCucumberTests"/>
      </group> <!-- cucumber -->
    </groups>
    <test started-at="2022-12-19T23:41:53 CET" name="Default test" finished-at="2022-12-19T23:42:27 CET" duration-ms="33763">
      <class name="defaultPackage.mouresAndLogoutTest">
        <test-method is-config="true" signature="setUpClass(org.testng.ITestContext)[pri:0, instance:defaultPackage.mouresAndLogoutTest@543295b0]" started-at="2022-12-19T23:41:53 CET" name="setUpClass" finished-at="2022-12-19T23:41:53 CET" duration-ms="626" status="PASS">
          <params>
            <param index="0">
              <value>
                <![CDATA[org.testng.TestRunner@2fcd7d3f]]>
              </value>
            </param>
          </params>
          <reporter-output>
          </reporter-output>
        </test-method> <!-- setUpClass -->
        <test-method signature="runScenario(io.cucumber.testng.PickleWrapper,io.cucumber.testng.FeatureWrapper)[pri:0, instance:defaultPackage.mouresAndLogoutTest@543295b0]" started-at="2022-12-19T23:41:54 CET" name="runScenario" description="Runs Cucumber Scenarios" data-provider="scenarios" finished-at="2022-12-19T23:42:26 CET" duration-ms="32969" status="PASS">
          <params>
            <param index="0">
              <value>
                <![CDATA["Make moves and Logout"]]>
              </value>
            </param>
            <param index="1">
              <value>
                <![CDATA["Moves"]]>
              </value>
            </param>
          </params>
          <reporter-output>
          </reporter-output>
        </test-method> <!-- runScenario -->
        <test-method is-config="true" signature="tearDownClass()[pri:0, instance:defaultPackage.mouresAndLogoutTest@543295b0]" started-at="2022-12-19T23:42:27 CET" name="tearDownClass" finished-at="2022-12-19T23:42:27 CET" duration-ms="30" status="PASS">
          <reporter-output>
          </reporter-output>
        </test-method> <!-- tearDownClass -->
      </class> <!-- defaultPackage.mouresAndLogoutTest -->
    </test> <!-- Default test -->
  </suite> <!-- Default suite -->
</testng-results>
