<?xml version="1.0" encoding="UTF-8"?>
<testng-results ignored="0" total="1" passed="0" failed="1" skipped="0">
  <reporter-output>
  </reporter-output>
  <suite started-at="2022-12-19T17:10:20 CET" name="Default suite" finished-at="2022-12-19T17:10:27 CET" duration-ms="7487">
    <groups>
      <group name="cucumber">
        <method signature="AbstractTestNGCucumberTests.runScenario(io.cucumber.testng.PickleWrapper,io.cucumber.testng.FeatureWrapper)[pri:0, instance:defaultPackage.modificarconfTest@563f38c4]" name="runScenario" class="io.cucumber.testng.AbstractTestNGCucumberTests"/>
      </group> <!-- cucumber -->
    </groups>
    <test started-at="2022-12-19T17:10:20 CET" name="Default test" finished-at="2022-12-19T17:10:27 CET" duration-ms="7487">
      <class name="defaultPackage.modificarconfTest">
        <test-method is-config="true" signature="setUpClass(org.testng.ITestContext)[pri:0, instance:defaultPackage.modificarconfTest@563f38c4]" started-at="2022-12-19T17:10:20 CET" name="setUpClass" finished-at="2022-12-19T17:10:20 CET" duration-ms="206" status="PASS">
          <params>
            <param index="0">
              <value>
                <![CDATA[org.testng.TestRunner@7e53339]]>
              </value>
            </param>
          </params>
          <reporter-output>
          </reporter-output>
        </test-method> <!-- setUpClass -->
        <test-method signature="runScenario(io.cucumber.testng.PickleWrapper,io.cucumber.testng.FeatureWrapper)[pri:0, instance:defaultPackage.modificarconfTest@563f38c4]" started-at="2022-12-19T17:10:20 CET" name="runScenario" description="Runs Cucumber Scenarios" data-provider="scenarios" finished-at="2022-12-19T17:10:27 CET" duration-ms="7210" status="FAIL">
          <params>
            <param index="0">
              <value>
                <![CDATA["Steps Modificar configuracio"]]>
              </value>
            </param>
            <param index="1">
              <value>
                <![CDATA["Modificar configuracio web"]]>
              </value>
            </param>
          </params>
          <exception class="org.openqa.selenium.ElementNotInteractableException">
            <message>
              <![CDATA[element not interactable
  (Session info: chrome=108.0.5359.125)
Build info: version: '4.5.3', revision: '4b786a1e430'
System info: os.name: 'Windows 11', os.arch: 'amd64', os.version: '10.0', java.version: '17.0.4.1'
Driver info: org.openqa.selenium.chrome.ChromeDriver
Command: [baeca3d157168c7844af650d75eb5e7b, sendKeysToElement {id=094ba7bd-9136-4683-9761-d20a59893a64, value=[Ljava.lang.CharSequence;@654c7d2d}]
Capabilities {acceptInsecureCerts: false, browserName: chrome, browserVersion: 108.0.5359.125, chrome: {chromedriverVersion: 108.0.5359.71 (1e0e3868ee06..., userDataDir: C:\Users\Oriol\AppData\Loca...}, goog:chromeOptions: {debuggerAddress: localhost:56153}, networkConnectionEnabled: false, pageLoadStrategy: normal, platformName: WINDOWS, proxy: Proxy(), se:cdp: ws://localhost:56153/devtoo..., se:cdpVersion: 108.0.5359.125, setWindowRect: true, strictFileInteractability: false, timeouts: {implicit: 0, pageLoad: 300000, script: 30000}, unhandledPromptBehavior: dismiss and notify, webauthn:extension:credBlob: true, webauthn:extension:largeBlob: true, webauthn:virtualAuthenticators: true}
Element: [[ChromeDriver: chrome on WINDOWS (baeca3d157168c7844af650d75eb5e7b)] -> xpath: //*[@id="fadein"]/header/div/div/div/div/div/div[2]/div/div[2]/div[2]/div/ul/li[4]/a]
Session ID: baeca3d157168c7844af650d75eb5e7b]]>
            </message>
            <full-stacktrace>
              <![CDATA[org.openqa.selenium.ElementNotInteractableException: element not interactable
  (Session info: chrome=108.0.5359.125)
Build info: version: '4.5.3', revision: '4b786a1e430'
System info: os.name: 'Windows 11', os.arch: 'amd64', os.version: '10.0', java.version: '17.0.4.1'
Driver info: org.openqa.selenium.chrome.ChromeDriver
Command: [baeca3d157168c7844af650d75eb5e7b, sendKeysToElement {id=094ba7bd-9136-4683-9761-d20a59893a64, value=[Ljava.lang.CharSequence;@654c7d2d}]
Capabilities {acceptInsecureCerts: false, browserName: chrome, browserVersion: 108.0.5359.125, chrome: {chromedriverVersion: 108.0.5359.71 (1e0e3868ee06..., userDataDir: C:\Users\Oriol\AppData\Loca...}, goog:chromeOptions: {debuggerAddress: localhost:56153}, networkConnectionEnabled: false, pageLoadStrategy: normal, platformName: WINDOWS, proxy: Proxy(), se:cdp: ws://localhost:56153/devtoo..., se:cdpVersion: 108.0.5359.125, setWindowRect: true, strictFileInteractability: false, timeouts: {implicit: 0, pageLoad: 300000, script: 30000}, unhandledPromptBehavior: dismiss and notify, webauthn:extension:credBlob: true, webauthn:extension:largeBlob: true, webauthn:virtualAuthenticators: true}
Element: [[ChromeDriver: chrome on WINDOWS (baeca3d157168c7844af650d75eb5e7b)] -> xpath: //*[@id="fadein"]/header/div/div/div/div/div/div[2]/div/div[2]/div[2]/div/ul/li[4]/a]
Session ID: baeca3d157168c7844af650d75eb5e7b
at java.base/jdk.internal.reflect.NativeConstructorAccessorImpl.newInstance0(Native Method)
at java.base/jdk.internal.reflect.NativeConstructorAccessorImpl.newInstance(NativeConstructorAccessorImpl.java:77)
at java.base/jdk.internal.reflect.DelegatingConstructorAccessorImpl.newInstance(DelegatingConstructorAccessorImpl.java:45)
at java.base/java.lang.reflect.Constructor.newInstanceWithCaller(Constructor.java:499)
at java.base/java.lang.reflect.Constructor.newInstance(Constructor.java:480)
at org.openqa.selenium.remote.codec.w3c.W3CHttpResponseCodec.createException(W3CHttpResponseCodec.java:200)
at org.openqa.selenium.remote.codec.w3c.W3CHttpResponseCodec.decode(W3CHttpResponseCodec.java:133)
at org.openqa.selenium.remote.codec.w3c.W3CHttpResponseCodec.decode(W3CHttpResponseCodec.java:53)
at org.openqa.selenium.remote.HttpCommandExecutor.execute(HttpCommandExecutor.java:184)
at org.openqa.selenium.remote.service.DriverCommandExecutor.invokeExecute(DriverCommandExecutor.java:167)
at org.openqa.selenium.remote.service.DriverCommandExecutor.execute(DriverCommandExecutor.java:142)
at org.openqa.selenium.remote.RemoteWebDriver.execute(RemoteWebDriver.java:541)
at org.openqa.selenium.remote.RemoteWebElement.execute(RemoteWebElement.java:257)
at org.openqa.selenium.remote.RemoteWebElement.sendKeys(RemoteWebElement.java:113)
at steps.modificarconfSteps.apreto_idioma(modificarconfSteps.java:39)
at ✽.Apreto idioma //*[@id="fadein"]/header/div/div/div/div/div/div[2]/div/div[2]/div[1]/div/ul/li[8] and //*[@id="fadein"]/header/div/div/div/div/div/div[2]/div/div[2]/div[2]/div/ul/li[4]/a(file:///C:/Users/Oriol/eclipse-workspace/TQS-P2/src/test/java/features/modificarconf.feature:6)
]]>
            </full-stacktrace>
          </exception> <!-- org.openqa.selenium.ElementNotInteractableException -->
          <reporter-output>
          </reporter-output>
        </test-method> <!-- runScenario -->
        <test-method is-config="true" signature="tearDownClass()[pri:0, instance:defaultPackage.modificarconfTest@563f38c4]" started-at="2022-12-19T17:10:27 CET" name="tearDownClass" finished-at="2022-12-19T17:10:27 CET" duration-ms="19" status="PASS">
          <reporter-output>
          </reporter-output>
        </test-method> <!-- tearDownClass -->
      </class> <!-- defaultPackage.modificarconfTest -->
    </test> <!-- Default test -->
  </suite> <!-- Default suite -->
</testng-results>
