<?xml version="1.0" encoding="UTF-8"?>
<testng-results ignored="0" total="4" passed="2" failed="2" skipped="0">
  <reporter-output>
  </reporter-output>
  <suite started-at="2022-12-16T13:22:43 CET" name="Default suite" finished-at="2022-12-16T13:23:01 CET" duration-ms="18351">
    <groups>
      <group name="cucumber">
        <method signature="AbstractTestNGCucumberTests.runScenario(io.cucumber.testng.PickleWrapper,io.cucumber.testng.FeatureWrapper)[pri:0, instance:defaultPackage.reservaTest@6b2ea799]" name="runScenario" class="io.cucumber.testng.AbstractTestNGCucumberTests"/>
      </group> <!-- cucumber -->
    </groups>
    <test started-at="2022-12-16T13:22:43 CET" name="Default test" finished-at="2022-12-16T13:23:01 CET" duration-ms="18351">
      <class name="defaultPackage.reservaTest">
        <test-method is-config="true" signature="setUpClass(org.testng.ITestContext)[pri:0, instance:defaultPackage.reservaTest@6b2ea799]" started-at="2022-12-16T13:22:43 CET" name="setUpClass" finished-at="2022-12-16T13:22:43 CET" duration-ms="253" status="PASS">
          <params>
            <param index="0">
              <value>
                <![CDATA[org.testng.TestRunner@27e7c77f]]>
              </value>
            </param>
          </params>
          <reporter-output>
          </reporter-output>
        </test-method> <!-- setUpClass -->
        <test-method signature="runScenario(io.cucumber.testng.PickleWrapper,io.cucumber.testng.FeatureWrapper)[pri:0, instance:defaultPackage.reservaTest@6b2ea799]" started-at="2022-12-16T13:22:43 CET" name="runScenario" description="Runs Cucumber Scenarios" data-provider="scenarios" finished-at="2022-12-16T13:22:48 CET" duration-ms="4616" status="PASS">
          <params>
            <param index="0">
              <value>
                <![CDATA["Reserve a hotel"]]>
              </value>
            </param>
            <param index="1">
              <value>
                <![CDATA["reservaSteps"]]>
              </value>
            </param>
          </params>
          <reporter-output>
          </reporter-output>
        </test-method> <!-- runScenario -->
        <test-method signature="runScenario(io.cucumber.testng.PickleWrapper,io.cucumber.testng.FeatureWrapper)[pri:0, instance:defaultPackage.reservaTest@6b2ea799]" started-at="2022-12-16T13:22:48 CET" name="runScenario" description="Runs Cucumber Scenarios" data-provider="scenarios" finished-at="2022-12-16T13:22:51 CET" duration-ms="3767" status="PASS">
          <params>
            <param index="0">
              <value>
                <![CDATA["Reserve a hotel"]]>
              </value>
            </param>
            <param index="1">
              <value>
                <![CDATA["reservaSteps"]]>
              </value>
            </param>
          </params>
          <reporter-output>
          </reporter-output>
        </test-method> <!-- runScenario -->
        <test-method signature="runScenario(io.cucumber.testng.PickleWrapper,io.cucumber.testng.FeatureWrapper)[pri:0, instance:defaultPackage.reservaTest@6b2ea799]" started-at="2022-12-16T13:22:51 CET" name="runScenario" description="Runs Cucumber Scenarios" data-provider="scenarios" finished-at="2022-12-16T13:22:57 CET" duration-ms="5373" status="FAIL">
          <params>
            <param index="0">
              <value>
                <![CDATA["Reserve a fly"]]>
              </value>
            </param>
            <param index="1">
              <value>
                <![CDATA["reservaSteps"]]>
              </value>
            </param>
          </params>
          <exception class="org.openqa.selenium.NoSuchWindowException">
            <message>
              <![CDATA[no such window: target window already closed
from unknown error: web view not found
  (Session info: chrome=108.0.5359.125)
Build info: version: '4.5.3', revision: '4b786a1e430'
System info: os.name: 'Windows 11', os.arch: 'amd64', os.version: '10.0', java.version: '17.0.4.1'
Driver info: org.openqa.selenium.chrome.ChromeDriver
Command: [af15238139cfbc52bdcd8d126f2e1ef7, findElement {using=xpath, value=//*[@id="new-york"]/div/div[2]/a}]
Capabilities {acceptInsecureCerts: false, browserName: chrome, browserVersion: 108.0.5359.125, chrome: {chromedriverVersion: 108.0.5359.71 (1e0e3868ee06..., userDataDir: C:\Users\ABELES~1\AppData\L...}, goog:chromeOptions: {debuggerAddress: localhost:51561}, networkConnectionEnabled: false, pageLoadStrategy: normal, platformName: WINDOWS, proxy: Proxy(), se:cdp: ws://localhost:51561/devtoo..., se:cdpVersion: 108.0.5359.125, setWindowRect: true, strictFileInteractability: false, timeouts: {implicit: 0, pageLoad: 300000, script: 30000}, unhandledPromptBehavior: dismiss and notify, webauthn:extension:credBlob: true, webauthn:extension:largeBlob: true, webauthn:virtualAuthenticators: true}
Session ID: af15238139cfbc52bdcd8d126f2e1ef7]]>
            </message>
            <full-stacktrace>
              <![CDATA[org.openqa.selenium.NoSuchWindowException: no such window: target window already closed
from unknown error: web view not found
  (Session info: chrome=108.0.5359.125)
Build info: version: '4.5.3', revision: '4b786a1e430'
System info: os.name: 'Windows 11', os.arch: 'amd64', os.version: '10.0', java.version: '17.0.4.1'
Driver info: org.openqa.selenium.chrome.ChromeDriver
Command: [af15238139cfbc52bdcd8d126f2e1ef7, findElement {using=xpath, value=//*[@id="new-york"]/div/div[2]/a}]
Capabilities {acceptInsecureCerts: false, browserName: chrome, browserVersion: 108.0.5359.125, chrome: {chromedriverVersion: 108.0.5359.71 (1e0e3868ee06..., userDataDir: C:\Users\ABELES~1\AppData\L...}, goog:chromeOptions: {debuggerAddress: localhost:51561}, networkConnectionEnabled: false, pageLoadStrategy: normal, platformName: WINDOWS, proxy: Proxy(), se:cdp: ws://localhost:51561/devtoo..., se:cdpVersion: 108.0.5359.125, setWindowRect: true, strictFileInteractability: false, timeouts: {implicit: 0, pageLoad: 300000, script: 30000}, unhandledPromptBehavior: dismiss and notify, webauthn:extension:credBlob: true, webauthn:extension:largeBlob: true, webauthn:virtualAuthenticators: true}
Session ID: af15238139cfbc52bdcd8d126f2e1ef7
at java.base/jdk.internal.reflect.NativeConstructorAccessorImpl.newInstance0(Native Method)
at java.base/jdk.internal.reflect.NativeConstructorAccessorImpl.newInstance(NativeConstructorAccessorImpl.java:77)
at java.base/jdk.internal.reflect.DelegatingConstructorAccessorImpl.newInstance(DelegatingConstructorAccessorImpl.java:45)
at java.base/java.lang.reflect.Constructor.newInstanceWithCaller(Constructor.java:499)
at java.base/java.lang.reflect.Constructor.newInstance(Constructor.java:480)
at org.openqa.selenium.remote.codec.w3c.W3CHttpResponseCodec.createException(W3CHttpResponseCodec.java:200)
at org.openqa.selenium.remote.codec.w3c.W3CHttpResponseCodec.decode(W3CHttpResponseCodec.java:133)
at org.openqa.selenium.remote.codec.w3c.W3CHttpResponseCodec.decode(W3CHttpResponseCodec.java:53)
at org.openqa.selenium.remote.HttpCommandExecutor.execute(HttpCommandExecutor.java:184)
at org.openqa.selenium.remote.service.DriverCommandExecutor.invokeExecute(DriverCommandExecutor.java:167)
at org.openqa.selenium.remote.service.DriverCommandExecutor.execute(DriverCommandExecutor.java:142)
at org.openqa.selenium.remote.RemoteWebDriver.execute(RemoteWebDriver.java:541)
at org.openqa.selenium.remote.ElementLocation$ElementFinder$2.findElement(ElementLocation.java:162)
at org.openqa.selenium.remote.ElementLocation.findElement(ElementLocation.java:60)
at org.openqa.selenium.remote.RemoteWebDriver.findElement(RemoteWebDriver.java:365)
at org.openqa.selenium.remote.RemoteWebDriver.findElement(RemoteWebDriver.java:357)
at steps.reservaSteps.theUsersSelectsTheFlightCompany(reservaSteps.java:121)
at ✽.the users selects the flight //*[@id="new-york"]/div/div[2]/a(file:///C:/Users/Abel%20Esteban%20Ferrer/Desktop/TQS-P2---1603350-1598865-1677491---/src/test/java/features/reserva.feature:26)
]]>
            </full-stacktrace>
          </exception> <!-- org.openqa.selenium.NoSuchWindowException -->
          <reporter-output>
          </reporter-output>
        </test-method> <!-- runScenario -->
        <test-method signature="runScenario(io.cucumber.testng.PickleWrapper,io.cucumber.testng.FeatureWrapper)[pri:0, instance:defaultPackage.reservaTest@6b2ea799]" started-at="2022-12-16T13:22:57 CET" name="runScenario" description="Runs Cucumber Scenarios" data-provider="scenarios" finished-at="2022-12-16T13:23:01 CET" duration-ms="4252" status="FAIL">
          <params>
            <param index="0">
              <value>
                <![CDATA["Reserve a tour"]]>
              </value>
            </param>
            <param index="1">
              <value>
                <![CDATA["reservaSteps"]]>
              </value>
            </param>
          </params>
          <exception class="org.openqa.selenium.NoSuchWindowException">
            <message>
              <![CDATA[no such window: target window already closed
from unknown error: web view not found
  (Session info: chrome=108.0.5359.125)
Build info: version: '4.5.3', revision: '4b786a1e430'
System info: os.name: 'Windows 11', os.arch: 'amd64', os.version: '10.0', java.version: '17.0.4.1'
Driver info: org.openqa.selenium.chrome.ChromeDriver
Command: [9b1adbc64d1dd08534f6560d4711d736, get {url=https://phptravels.net/tours}]
Capabilities {acceptInsecureCerts: false, browserName: chrome, browserVersion: 108.0.5359.125, chrome: {chromedriverVersion: 108.0.5359.71 (1e0e3868ee06..., userDataDir: C:\Users\ABELES~1\AppData\L...}, goog:chromeOptions: {debuggerAddress: localhost:51583}, networkConnectionEnabled: false, pageLoadStrategy: normal, platformName: WINDOWS, proxy: Proxy(), se:cdp: ws://localhost:51583/devtoo..., se:cdpVersion: 108.0.5359.125, setWindowRect: true, strictFileInteractability: false, timeouts: {implicit: 0, pageLoad: 300000, script: 30000}, unhandledPromptBehavior: dismiss and notify, webauthn:extension:credBlob: true, webauthn:extension:largeBlob: true, webauthn:virtualAuthenticators: true}
Session ID: 9b1adbc64d1dd08534f6560d4711d736]]>
            </message>
            <full-stacktrace>
              <![CDATA[org.openqa.selenium.NoSuchWindowException: no such window: target window already closed
from unknown error: web view not found
  (Session info: chrome=108.0.5359.125)
Build info: version: '4.5.3', revision: '4b786a1e430'
System info: os.name: 'Windows 11', os.arch: 'amd64', os.version: '10.0', java.version: '17.0.4.1'
Driver info: org.openqa.selenium.chrome.ChromeDriver
Command: [9b1adbc64d1dd08534f6560d4711d736, get {url=https://phptravels.net/tours}]
Capabilities {acceptInsecureCerts: false, browserName: chrome, browserVersion: 108.0.5359.125, chrome: {chromedriverVersion: 108.0.5359.71 (1e0e3868ee06..., userDataDir: C:\Users\ABELES~1\AppData\L...}, goog:chromeOptions: {debuggerAddress: localhost:51583}, networkConnectionEnabled: false, pageLoadStrategy: normal, platformName: WINDOWS, proxy: Proxy(), se:cdp: ws://localhost:51583/devtoo..., se:cdpVersion: 108.0.5359.125, setWindowRect: true, strictFileInteractability: false, timeouts: {implicit: 0, pageLoad: 300000, script: 30000}, unhandledPromptBehavior: dismiss and notify, webauthn:extension:credBlob: true, webauthn:extension:largeBlob: true, webauthn:virtualAuthenticators: true}
Session ID: 9b1adbc64d1dd08534f6560d4711d736
at java.base/jdk.internal.reflect.NativeConstructorAccessorImpl.newInstance0(Native Method)
at java.base/jdk.internal.reflect.NativeConstructorAccessorImpl.newInstance(NativeConstructorAccessorImpl.java:77)
at java.base/jdk.internal.reflect.DelegatingConstructorAccessorImpl.newInstance(DelegatingConstructorAccessorImpl.java:45)
at java.base/java.lang.reflect.Constructor.newInstanceWithCaller(Constructor.java:499)
at java.base/java.lang.reflect.Constructor.newInstance(Constructor.java:480)
at org.openqa.selenium.remote.codec.w3c.W3CHttpResponseCodec.createException(W3CHttpResponseCodec.java:200)
at org.openqa.selenium.remote.codec.w3c.W3CHttpResponseCodec.decode(W3CHttpResponseCodec.java:133)
at org.openqa.selenium.remote.codec.w3c.W3CHttpResponseCodec.decode(W3CHttpResponseCodec.java:53)
at org.openqa.selenium.remote.HttpCommandExecutor.execute(HttpCommandExecutor.java:184)
at org.openqa.selenium.remote.service.DriverCommandExecutor.invokeExecute(DriverCommandExecutor.java:167)
at org.openqa.selenium.remote.service.DriverCommandExecutor.execute(DriverCommandExecutor.java:142)
at org.openqa.selenium.remote.RemoteWebDriver.execute(RemoteWebDriver.java:541)
at org.openqa.selenium.remote.RemoteWebDriver.get(RemoteWebDriver.java:310)
at steps.reservaSteps.theUserIsInTheTourSelection(reservaSteps.java:176)
at ✽.the user is in the tour selection(file:///C:/Users/Abel%20Esteban%20Ferrer/Desktop/TQS-P2---1603350-1598865-1677491---/src/test/java/features/reserva.feature:42)
]]>
            </full-stacktrace>
          </exception> <!-- org.openqa.selenium.NoSuchWindowException -->
          <reporter-output>
          </reporter-output>
        </test-method> <!-- runScenario -->
        <test-method is-config="true" signature="tearDownClass()[pri:0, instance:defaultPackage.reservaTest@6b2ea799]" started-at="2022-12-16T13:23:01 CET" name="tearDownClass" finished-at="2022-12-16T13:23:01 CET" duration-ms="21" status="PASS">
          <reporter-output>
          </reporter-output>
        </test-method> <!-- tearDownClass -->
      </class> <!-- defaultPackage.reservaTest -->
    </test> <!-- Default test -->
  </suite> <!-- Default suite -->
</testng-results>
