<?xml version="1.0" encoding="UTF-8"?>
<testng-results ignored="0" total="4" passed="4" failed="0" skipped="0">
  <reporter-output>
  </reporter-output>
  <suite started-at="2022-12-15T20:23:18 CET" name="Default suite" finished-at="2022-12-15T20:25:24 CET" duration-ms="125773">
    <groups>
      <group name="cucumber">
        <method signature="AbstractTestNGCucumberTests.runScenario(io.cucumber.testng.PickleWrapper,io.cucumber.testng.FeatureWrapper)[pri:0, instance:defaultPackage.reservaTest@563f38c4]" name="runScenario" class="io.cucumber.testng.AbstractTestNGCucumberTests"/>
      </group> <!-- cucumber -->
    </groups>
    <test started-at="2022-12-15T20:23:18 CET" name="Default test" finished-at="2022-12-15T20:25:24 CET" duration-ms="125773">
      <class name="defaultPackage.reservaTest">
        <test-method is-config="true" signature="setUpClass(org.testng.ITestContext)[pri:0, instance:defaultPackage.reservaTest@563f38c4]" started-at="2022-12-15T20:23:18 CET" name="setUpClass" finished-at="2022-12-15T20:23:18 CET" duration-ms="236" status="PASS">
          <params>
            <param index="0">
              <value>
                <![CDATA[org.testng.TestRunner@7186b202]]>
              </value>
            </param>
          </params>
          <reporter-output>
          </reporter-output>
        </test-method> <!-- setUpClass -->
        <test-method signature="runScenario(io.cucumber.testng.PickleWrapper,io.cucumber.testng.FeatureWrapper)[pri:0, instance:defaultPackage.reservaTest@563f38c4]" started-at="2022-12-15T20:23:18 CET" name="runScenario" description="Runs Cucumber Scenarios" data-provider="scenarios" finished-at="2022-12-15T20:23:53 CET" duration-ms="34803" status="PASS">
          <params>
            <param index="0">
              <value>
                <![CDATA["Reserve a hotel"]]>
              </value>
            </param>
            <param index="1">
              <value>
                <![CDATA["reservaSteps"]]>
              </value>
            </param>
          </params>
          <reporter-output>
          </reporter-output>
        </test-method> <!-- runScenario -->
        <test-method signature="runScenario(io.cucumber.testng.PickleWrapper,io.cucumber.testng.FeatureWrapper)[pri:0, instance:defaultPackage.reservaTest@563f38c4]" started-at="2022-12-15T20:23:53 CET" name="runScenario" description="Runs Cucumber Scenarios" data-provider="scenarios" finished-at="2022-12-15T20:24:25 CET" duration-ms="32332" status="PASS">
          <params>
            <param index="0">
              <value>
                <![CDATA["Reserve a hotel"]]>
              </value>
            </param>
            <param index="1">
              <value>
                <![CDATA["reservaSteps"]]>
              </value>
            </param>
          </params>
          <reporter-output>
          </reporter-output>
        </test-method> <!-- runScenario -->
        <test-method signature="runScenario(io.cucumber.testng.PickleWrapper,io.cucumber.testng.FeatureWrapper)[pri:0, instance:defaultPackage.reservaTest@563f38c4]" started-at="2022-12-15T20:24:25 CET" name="runScenario" description="Runs Cucumber Scenarios" data-provider="scenarios" finished-at="2022-12-15T20:24:57 CET" duration-ms="31609" status="PASS">
          <params>
            <param index="0">
              <value>
                <![CDATA["Reserve a fly"]]>
              </value>
            </param>
            <param index="1">
              <value>
                <![CDATA["reservaSteps"]]>
              </value>
            </param>
          </params>
          <reporter-output>
          </reporter-output>
        </test-method> <!-- runScenario -->
        <test-method signature="runScenario(io.cucumber.testng.PickleWrapper,io.cucumber.testng.FeatureWrapper)[pri:0, instance:defaultPackage.reservaTest@563f38c4]" started-at="2022-12-15T20:24:57 CET" name="runScenario" description="Runs Cucumber Scenarios" data-provider="scenarios" finished-at="2022-12-15T20:25:24 CET" duration-ms="26667" status="PASS">
          <params>
            <param index="0">
              <value>
                <![CDATA["Reserve a tour"]]>
              </value>
            </param>
            <param index="1">
              <value>
                <![CDATA["reservaSteps"]]>
              </value>
            </param>
          </params>
          <reporter-output>
          </reporter-output>
        </test-method> <!-- runScenario -->
        <test-method is-config="true" signature="tearDownClass()[pri:0, instance:defaultPackage.reservaTest@563f38c4]" started-at="2022-12-15T20:25:24 CET" name="tearDownClass" finished-at="2022-12-15T20:25:24 CET" duration-ms="42" status="PASS">
          <reporter-output>
          </reporter-output>
        </test-method> <!-- tearDownClass -->
      </class> <!-- defaultPackage.reservaTest -->
    </test> <!-- Default test -->
  </suite> <!-- Default suite -->
</testng-results>
