<?xml version="1.0" encoding="UTF-8"?>
<testng-results ignored="0" total="1" passed="1" failed="0" skipped="0">
  <reporter-output>
  </reporter-output>
  <suite started-at="2022-12-17T17:44:56 CET" name="Default suite" finished-at="2022-12-17T17:45:21 CET" duration-ms="25717">
    <groups>
      <group name="cucumber">
        <method signature="AbstractTestNGCucumberTests.runScenario(io.cucumber.testng.PickleWrapper,io.cucumber.testng.FeatureWrapper)[pri:0, instance:defaultPackage.modificarconfTest@543295b0]" name="runScenario" class="io.cucumber.testng.AbstractTestNGCucumberTests"/>
      </group> <!-- cucumber -->
    </groups>
    <test started-at="2022-12-17T17:44:56 CET" name="Default test" finished-at="2022-12-17T17:45:21 CET" duration-ms="25717">
      <class name="defaultPackage.modificarconfTest">
        <test-method is-config="true" signature="setUpClass(org.testng.ITestContext)[pri:0, instance:defaultPackage.modificarconfTest@543295b0]" started-at="2022-12-17T17:44:56 CET" name="setUpClass" finished-at="2022-12-17T17:44:56 CET" duration-ms="483" status="PASS">
          <params>
            <param index="0">
              <value>
                <![CDATA[org.testng.TestRunner@ec8f4b9]]>
              </value>
            </param>
          </params>
          <reporter-output>
          </reporter-output>
        </test-method> <!-- setUpClass -->
        <test-method signature="runScenario(io.cucumber.testng.PickleWrapper,io.cucumber.testng.FeatureWrapper)[pri:0, instance:defaultPackage.modificarconfTest@543295b0]" started-at="2022-12-17T17:44:56 CET" name="runScenario" description="Runs Cucumber Scenarios" data-provider="scenarios" finished-at="2022-12-17T17:45:21 CET" duration-ms="25141" status="PASS">
          <params>
            <param index="0">
              <value>
                <![CDATA["Steps Modificar configuracio"]]>
              </value>
            </param>
            <param index="1">
              <value>
                <![CDATA["Modificar configuracio web"]]>
              </value>
            </param>
          </params>
          <reporter-output>
          </reporter-output>
        </test-method> <!-- runScenario -->
        <test-method is-config="true" signature="tearDownClass()[pri:0, instance:defaultPackage.modificarconfTest@543295b0]" started-at="2022-12-17T17:45:21 CET" name="tearDownClass" finished-at="2022-12-17T17:45:21 CET" duration-ms="12" status="PASS">
          <reporter-output>
          </reporter-output>
        </test-method> <!-- tearDownClass -->
      </class> <!-- defaultPackage.modificarconfTest -->
    </test> <!-- Default test -->
  </suite> <!-- Default suite -->
</testng-results>
