<?xml version="1.0" encoding="UTF-8"?>
<testng-results ignored="0" total="1" passed="1" failed="0" skipped="0">
  <reporter-output>
  </reporter-output>
  <suite started-at="2022-12-05T11:10:03 CET" name="Default suite" finished-at="2022-12-05T11:10:04 CET" duration-ms="977">
    <groups>
      <group name="cucumber">
        <method signature="AbstractTestNGCucumberTests.runScenario(io.cucumber.testng.PickleWrapper,io.cucumber.testng.FeatureWrapper)[pri:0, instance:defaultPackage.RunDressTest@563f38c4]" name="runScenario" class="io.cucumber.testng.AbstractTestNGCucumberTests"/>
      </group> <!-- cucumber -->
    </groups>
    <test started-at="2022-12-05T11:10:03 CET" name="Default test" finished-at="2022-12-05T11:10:04 CET" duration-ms="977">
      <class name="defaultPackage.RunDressTest">
        <test-method is-config="true" signature="setUpClass(org.testng.ITestContext)[pri:0, instance:defaultPackage.RunDressTest@563f38c4]" started-at="2022-12-05T11:10:04 CET" name="setUpClass" finished-at="2022-12-05T11:10:04 CET" duration-ms="558" status="PASS">
          <params>
            <param index="0">
              <value>
                <![CDATA[org.testng.TestRunner@557a1e2d]]>
              </value>
            </param>
          </params>
          <reporter-output>
          </reporter-output>
        </test-method> <!-- setUpClass -->
        <test-method signature="runScenario(io.cucumber.testng.PickleWrapper,io.cucumber.testng.FeatureWrapper)[pri:0, instance:defaultPackage.RunDressTest@563f38c4]" started-at="2022-12-05T11:10:04 CET" name="runScenario" description="Runs Cucumber Scenarios" data-provider="scenarios" finished-at="2022-12-05T11:10:04 CET" duration-ms="234" status="PASS">
          <params>
            <param index="0">
              <value>
                <![CDATA["Show Women Dress"]]>
              </value>
            </param>
            <param index="1">
              <value>
                <![CDATA["WomenDress"]]>
              </value>
            </param>
          </params>
          <reporter-output>
          </reporter-output>
        </test-method> <!-- runScenario -->
        <test-method is-config="true" signature="tearDownClass()[pri:0, instance:defaultPackage.RunDressTest@563f38c4]" started-at="2022-12-05T11:10:04 CET" name="tearDownClass" finished-at="2022-12-05T11:10:04 CET" duration-ms="20" status="PASS">
          <reporter-output>
          </reporter-output>
        </test-method> <!-- tearDownClass -->
      </class> <!-- defaultPackage.RunDressTest -->
    </test> <!-- Default test -->
  </suite> <!-- Default suite -->
</testng-results>
